20000000.0 2.020775616749497
20020000.0 2.0184795418763017
20040000.0 2.0161878118441177
20060000.0 2.0139004151512694
20080000.0 2.0116173403351967
20100000.0 2.0093385759722935
20120000.0 2.0070641106777476
20140000.0 2.0047939331053786
20160000.0 2.0025280319474765
20180000.0 2.0002663959346463
20200000.0 1.9980090138356439
20220000.0 1.995755874457223
20240000.0 1.9935069666439773
20260000.0 1.991262279278181
20280000.0 1.9890218012796381
20300000.0 1.9867855216055248
20320000.0 1.9845534292502347
20340000.0 1.9823255132452284
20360000.0 1.98010176265888
20380000.0 1.9778821665963238
20400000.0 1.9756667141993052
20420000.0 1.9734553946460298
20440000.0 1.9712481971510134
20460000.0 1.9690451109649352
20480000.0 1.9668461253744856
20500000.0 1.964651229702224
20520000.0 1.9624604133064285
20540000.0 1.9602736655809505
20560000.0 1.9580909759550706
20580000.0 1.9559123338933542
20600000.0 1.9537377288955058
20620000.0 1.951567150496227
20640000.0 1.9494005882650751
20660000.0 1.9472380318063196
20680000.0 1.945079470758801
20700000.0 1.942924894795793
20720000.0 1.940774293624859
20740000.0 1.9386276569877157
20760000.0 1.9364849746600943
20780000.0 1.9343462364516022
20800000.0 1.9322114322055859
20820000.0 1.9300805517989938
20840000.0 1.9279535851422436
20860000.0 1.925830522179084
20880000.0 1.9237113528864593
20900000.0 1.9215960672743808
20920000.0 1.9194846553857872
20940000.0 1.9173771072964167
20960000.0 1.9152734131146736
20980000.0 1.9131735629814948
21000000.0 1.911077547070223
21020000.0 1.9089853555864749
21040000.0 1.90689697876801
21060000.0 1.904812406884604
21080000.0 1.9027316302379205
21100000.0 1.9006546391613817
21120000.0 1.8985814240200432
21140000.0 1.8965119752104662
21160000.0 1.8944462831605928
21180000.0 1.8923843383296202
21200000.0 1.890326131207875
21220000.0 1.8882716523166923
21240000.0 1.8862208922082884
21260000.0 1.8841738414656402
21280000.0 1.8821304907023624
21300000.0 1.8800908305625854
21320000.0 1.878054851720835
21340000.0 1.8760225448819114
21360000.0 1.8739939007807676
21380000.0 1.871968910182393
21400000.0 1.8699475638816916
21420000.0 1.8679298527033656
21440000.0 1.8659157675017966
21460000.0 1.863905299160928
21480000.0 1.8618984385941506
21500000.0 1.8598951767441827
21520000.0 1.857895504582957
21540000.0 1.855899413111506
21560000.0 1.8539068933598462
21580000.0 1.8519179363868628
21600000.0 1.8499325332801995
21620000.0 1.8479506751561434
21640000.0 1.8459723531595122
21660000.0 1.843997558463544
21680000.0 1.8420262822697842
21700000.0 1.8400585158079759
21720000.0 1.8380942503359485
21740000.0 1.8361334771395088
21760000.0 1.8341761875323312
21780000.0 1.8322223728558478
21800000.0 1.8302720244791428
21820000.0 1.8283251337988415
21840000.0 1.8263816922390048
21860000.0 1.8244416912510226
21880000.0 1.822505122313506
21900000.0 1.8205719769321824
21920000.0 1.8186422466397902
21940000.0 1.8167159229959733
21960000.0 1.8147929975871768
21980000.0 1.812873462026544
22000000.0 1.8109573079538115
22020000.0 1.8090445270352074
22040000.0 1.8071351109633476
22060000.0 1.8052290514571347
22080000.0 1.8033263402616568
22100000.0 1.8014269691480849
22120000.0 1.7995309299135736
22140000.0 1.797638214381159
22160000.0 1.7957488143996618
22180000.0 1.7938627218435865
22200000.0 1.7919799286130218
22220000.0 1.7901004266335423
22240000.0 1.7882242078561135
22260000.0 1.7863512642569899
22280000.0 1.7844815878376203
22300000.0 1.7826151706245519
22320000.0 1.7807520046693326
22340000.0 1.7788920820484155
22360000.0 1.7770353948630648
22380000.0 1.7751819352392588
22400000.0 1.7733316953275977
22420000.0 1.7714846673032072
22440000.0 1.7696408433656483
22460000.0 1.7678002157388197
22480000.0 1.7659627766708694
22500000.0 1.7641285184340987
22520000.0 1.7622974333248727
22540000.0 1.7604695136635282
22560000.0 1.7586447517942823
22580000.0 1.7568231400851402
22600000.0 1.7550046709278095
22620000.0 1.7531893367376044
22640000.0 1.751377129953361
22660000.0 1.7495680430373453
22680000.0 1.747762068475166
22700000.0 1.7459591987756855
22720000.0 1.744159426470933
22740000.0 1.7423627441160152
22760000.0 1.7405691442890312
22780000.0 1.7387786195909847
22800000.0 1.7369911626456966
22820000.0 1.735206766099722
22840000.0 1.7334254226222618
22860000.0 1.731647124905079
22880000.0 1.729871865662414
22900000.0 1.7280996376308977
22920000.0 1.726330433569472
22940000.0 1.7245642462593014
22960000.0 1.7228010685036936
22980000.0 1.7210408931280123
23000000.0 1.7192837129796004
23020000.0 1.7175295209276917
23040000.0 1.7157783098633328
23060000.0 1.714030072699301
23080000.0 1.7122848023700217
23100000.0 1.7105424918314898
23120000.0 1.7088031340611876
23140000.0 1.7070667220580054
23160000.0 1.7053332488421624
23180000.0 1.7036027074551257
23200000.0 1.7018750909595326
23220000.0 1.7001503924391117
23240000.0 1.6984286049986046
23260000.0 1.6967097217636875
23280000.0 1.6949937358808944
23300000.0 1.693280640517538
23320000.0 1.6915704288616356
23340000.0 1.68986309412183
23360000.0 1.6881586295273143
23380000.0 1.6864570283277553
23400000.0 1.6847582837932196
23420000.0 1.6830623892140961
23440000.0 1.6813693379010217
23460000.0 1.6796791231848078
23480000.0 1.6779917384163647
23500000.0 1.676307176966628
23520000.0 1.6746254322264853
23540000.0 1.672946497606702
23560000.0 1.6712703665378499
23580000.0 1.6695970324702325
23600000.0 1.6679264888738135
23620000.0 1.6662587292381452
23640000.0 1.664593747072296
23660000.0 1.6629315359047796
23680000.0 1.6612720892834831
23700000.0 1.6596154007755965
23720000.0 1.6579614639675426
23740000.0 1.6563102724649057
23760000.0 1.6546618198923628
23780000.0 1.6530160998936136
23800000.0 1.651373106131311
23820000.0 1.649732832286992
23840000.0 1.6480952720610091
23860000.0 1.646460419172462
23880000.0 1.6448282673591295
23900000.0 1.6431988103774013
23920000.0 1.6415720420022106
23940000.0 1.639947956026967
23960000.0 1.6383265462634888
23980000.0 1.6367078065419385
24000000.0 1.6350917307107533
24020000.0 1.6334783126365804
24040000.0 1.631867546204212
24060000.0 1.630259425316519
24080000.0 1.6286539438943848
24100000.0 1.6270510958766424
24120000.0 1.6254508752200072
24140000.0 1.6238532758990145
24160000.0 1.6222582919059545
24180000.0 1.6206659172508089
24200000.0 1.6190761459611858
24220000.0 1.6174889720822587
24240000.0 1.6159043896767016
24260000.0 1.6143223928246266
24280000.0 1.6127429756235214
24300000.0 1.6111661321881878
24320000.0 1.6095918566506777
24340000.0 1.6080201431602337
24360000.0 1.6064509858832257
24380000.0 1.6048843790030909
24400000.0 1.603320316720272
24420000.0 1.6017587932521575
24440000.0 1.6001998028330195
24460000.0 1.5986433397139552
24480000.0 1.5970893981628262
24500000.0 1.5955379724641987
24520000.0 1.593989056919284
24540000.0 1.5924426458458796
24560000.0 1.5908987335783105
24580000.0 1.5893573144673694
24600000.0 1.5878183828802594
24620000.0 1.5862819332005351
24640000.0 1.5847479598280452
24660000.0 1.5832164571788738
24680000.0 1.581687419685284
24700000.0 1.5801608417956596
24720000.0 1.5786367179744487
24740000.0 1.5771150427021077
24760000.0 1.5755958104750427
24780000.0 1.5740790158055555
24800000.0 1.5725646532217852
24820000.0 1.571052717267655
24840000.0 1.5695432025028138
24860000.0 1.5680361035025832
24880000.0 1.566531414857901
24900000.0 1.5650291311752667
24920000.0 1.563529247076687
24940000.0 1.562031757199621
24960000.0 1.5605366561969254
24980000.0 1.5590439387368025
25000000.0 1.5575535995027439
25020000.0 1.5560656331934788
25040000.0 1.55458003452292
25060000.0 1.5530967982201103
25080000.0 1.5516159190291707
25100000.0 1.5501373917092471
25120000.0 1.548661211034457
25140000.0 1.547187371793839
25160000.0 1.545715868791299
25180000.0 1.5442466968455604
25200000.0 1.5427798507901105
25220000.0 1.5413153254731502
25240000.0 1.5398531157575424
25260000.0 1.5383932165207617
25280000.0 1.536935622654842
25300000.0 1.5354803290663288
25320000.0 1.5340273306762258
25340000.0 1.5325766224199466
25360000.0 1.531128199247264
25380000.0 1.5296820561222608
25400000.0 1.5282381880232803
25420000.0 1.526796589942876
25440000.0 1.5253572568877636
25460000.0 1.5239201838787715
25480000.0 1.5224853659507926
25500000.0 1.5210527981527349
25520000.0 1.5196224755474739
25540000.0 1.5181943932118043
25560000.0 1.516768546236392
25580000.0 1.5153449297257262
25600000.0 1.5139235387980725
25620000.0 1.5125043685854245
25640000.0 1.5110874142334578
25660000.0 1.509672670901482
25680000.0 1.5082601337623947
25700000.0 1.5068497980026343
25720000.0 1.5054416588221342
25740000.0 1.5040357114342764
25760000.0 1.5026319510658448
25780000.0 1.5012303729569805
25800000.0 1.4998309723611352
25820000.0 1.4984337445450262
25840000.0 1.4970386847885915
25860000.0 1.4956457883849434
25880000.0 1.4942550506403252
25900000.0 1.4928664668740652
25920000.0 1.4914800324185324
25940000.0 1.4900957426190933
25960000.0 1.4887135928340653
25980000.0 1.4873335784346753
26000000.0 1.4859556948050139
26020000.0 1.4845799373419932
26040000.0 1.483206301455302
26060000.0 1.4818347825673632
26080000.0 1.4804653761132907
26100000.0 1.479098077540846
26120000.0 1.4777328823103957
26140000.0 1.4763697858948688
26160000.0 1.4750087837797141
26180000.0 1.4736498714628585
26200000.0 1.4722930444546645
26220000.0 1.470938298277887
26240000.0 1.4695856284676336
26260000.0 1.4682350305713225
26280000.0 1.4668865001486397
26300000.0 1.4655400327714985
26320000.0 1.464195624024
26340000.0 1.4628532695023881
26360000.0 1.4615129648150138
26380000.0 1.46017470558229
26400000.0 1.458838487436654
26420000.0 1.4575043060225263
26440000.0 1.4561721569962696
26460000.0 1.4548420360261496
26480000.0 1.453513938792296
26500000.0 1.4521878609866608
26520000.0 1.4508637983129804
26540000.0 1.4495417464867353
26560000.0 1.4482217012351117
26580000.0 1.4469036582969619
26600000.0 1.4455876134227654
26620000.0 1.4442735623745904
26640000.0 1.4429615009260546
26660000.0 1.4416514248622878
26680000.0 1.4403433299798925
26700000.0 1.4390372120869066
26720000.0 1.4377330670027653
26740000.0 1.436430890558262
26760000.0 1.4351306785955122
26780000.0 1.433832426967916
26800000.0 1.4325361315401188
26820000.0 1.4312417881879762
26840000.0 1.4299493927985159
26860000.0 1.4286589412698998
26880000.0 1.4273704295113896
26900000.0 1.426083853443308
26920000.0 1.4247992089970025
26940000.0 1.4235164921148102
26960000.0 1.4222356987500202
26980000.0 1.420956824866838
27000000.0 1.4196798664403494
27020000.0 1.418404819456485
27040000.0 1.417131679911985
27060000.0 1.4158604438143618
27080000.0 1.4145911071818664
27100000.0 1.413323666043452
27120000.0 1.4120581164387398
27140000.0 1.4107944544179833
27160000.0 1.409532676042034
27180000.0 1.4082727773823054
27200000.0 1.4070147545207405
27220000.0 1.4057586035497756
27240000.0 1.4045043205723062
27260000.0 1.4032519017016536
27280000.0 1.4020013430615303
27300000.0 1.400752640786006
27320000.0 1.3995057910194741
27340000.0 1.3982607899166175
27360000.0 1.3970176336423759
27380000.0 1.3957763183719114
27400000.0 1.394536840290576
27420000.0 1.393299195593878
27440000.0 1.3920633804874494
27460000.0 1.3908293911870124
27480000.0 1.389597223918347
27500000.0 1.388366874917258
27520000.0 1.3871383404295434
27540000.0 1.385911616710961
27560000.0 1.3846867000271967
27580000.0 1.3834635866538314
27600000.0 1.3822422728763104
27620000.0 1.3810227549899106
27640000.0 1.3798050292997086
27660000.0 1.37858909212055
27680000.0 1.3773749397770163
27700000.0 1.3761625686033954
27720000.0 1.374951974943648
27740000.0 1.3737431551513788
27760000.0 1.3725361055898038
27780000.0 1.3713308226317193
27800000.0 1.3701273026594727
27820000.0 1.3689255420649304
27840000.0 1.3677255372494468
27860000.0 1.366527284623835
27880000.0 1.3653307806083366
27900000.0 1.3641360216325895
27920000.0 1.3629430041356003
27940000.0 1.3617517245657118
27960000.0 1.3605621793805758
27980000.0 1.359374365047121
28000000.0 1.358188278041524
28020000.0 1.3570039148491806
28040000.0 1.3558212719646747
28060000.0 1.3546403458917509
28080000.0 1.3534611331432833
28100000.0 1.3522836302412482
28120000.0 1.351107833716694
28140000.0 1.349933740109712
28160000.0 1.3487613459694083
28180000.0 1.3475906478538755
28200000.0 1.3464216423301631
28220000.0 1.3452543259742493
28240000.0 1.3440886953710127
28260000.0 1.342924747114205
28280000.0 1.341762477806421
28300000.0 1.340601884059072
28320000.0 1.3394429624923576
28340000.0 1.338285709735237
28360000.0 1.3371301224254022
28380000.0 1.3359761972092508
28400000.0 1.3348239307418566
28420000.0 1.3336733196869435
28440000.0 1.3325243607168589
28460000.0 1.3313770505125448
28480000.0 1.330231385763512
28500000.0 1.3290873631678113
28520000.0 1.3279449794320095
28540000.0 1.32680423127116
28560000.0 1.325665115408777
28580000.0 1.324527628576809
28600000.0 1.3233917675156122
28620000.0 1.3222575289739238
28640000.0 1.321124909708836
28660000.0 1.3199939064857695
28680000.0 1.3188645160784485
28700000.0 1.3177367352688725
28720000.0 1.3166105608472918
28740000.0 1.3154859896121818
28760000.0 1.3143630183702173
28780000.0 1.313241643936245
28800000.0 1.3121218631332614
28820000.0 1.3110036727923833
28840000.0 1.3098870697528255
28860000.0 1.308772050861875
28880000.0 1.3076586129748644
28900000.0 1.3065467529551476
28920000.0 1.305436467674076
28940000.0 1.3043277540109715
28960000.0 1.303220608853103
28980000.0 1.3021150290956622
29000000.0 1.301011011641737
29020000.0 1.2999085534022887
29040000.0 1.2988076512961266
29060000.0 1.297708302249885
29080000.0 1.2966105031979969
29100000.0 1.2955142510826712
29120000.0 1.2944195428538685
29140000.0 1.2933263754692772
29160000.0 1.2922347458942882
29180000.0 1.2911446511019733
29200000.0 1.2900560880730592
29220000.0 1.2889690537959058
29240000.0 1.2878835452664819
29260000.0 1.286799559488341
29280000.0 1.2857170934725983
29300000.0 1.2846361442379086
29320000.0 1.2835567088104414
29340000.0 1.282478784223858
29360000.0 1.2814023675192898
29380000.0 1.2803274557453141
29400000.0 1.279254045957931
29420000.0 1.2781821352205416
29440000.0 1.2771117206039249
29460000.0 1.2760427991862142
29480000.0 1.2749753680528764
29500000.0 1.2739094242966877
29520000.0 1.2728449650177125
29540000.0 1.2717819873232807
29560000.0 1.2707204883279644
29580000.0 1.269660465153558
29600000.0 1.2686019149290535
29620000.0 1.2675448347906206
29640000.0 1.2664892218815846
29660000.0 1.265435073352402
29680000.0 1.264382386360643
29700000.0 1.263331158070966
29720000.0 1.2622813856550983
29740000.0 1.2612330662918132
29760000.0 1.2601861971669093
29780000.0 1.2591407754731898
29800000.0 1.2580967984104392
29820000.0 1.2570542631854045
29840000.0 1.2560131670117711
29860000.0 1.2549735071101455
29880000.0 1.2539352807080313
29900000.0 1.2528984850398088
29920000.0 1.2518631173467156
29940000.0 1.2508291748768243
29960000.0 1.2497966548850228
29980000.0 1.2487655546329925
30000000.0 1.2477358713891895
30020000.0 1.2467076024288224
30040000.0 1.2456807450338334
30060000.0 1.244655296492876
30080000.0 1.243631254101298
30100000.0 1.2426086151611169
30120000.0 1.2415873769810042
30140000.0 1.2405675368762628
30160000.0 1.2395490921688064
30180000.0 1.2385320401871425
30200000.0 1.2375163782663507
30220000.0 1.2365021037480617
30240000.0 1.2354892139804405
30260000.0 1.2344777063181651
30280000.0 1.2334675781224067
30300000.0 1.2324588267608114
30320000.0 1.2314514496074795
30340000.0 1.230445444042947
30360000.0 1.2294408074541665
30380000.0 1.2284375372344871
30400000.0 1.2274356307836365
30420000.0 1.2264350855077004
30440000.0 1.225435898819105
30460000.0 1.224438068136597
30480000.0 1.2234415908852252
30500000.0 1.2224464644963224
30520000.0 1.221452686407485
30540000.0 1.2204602540625553
30560000.0 1.2194691649116038
30580000.0 1.2184794164109083
30600000.0 1.2174910060229385
30620000.0 1.2165039312163348
30640000.0 1.2155181894658915
30660000.0 1.2145337782525383
30680000.0 1.213550695063322
30700000.0 1.2125689373913873
30720000.0 1.2115885027359614
30740000.0 1.2106093886023332
30760000.0 1.2096315925018366
30780000.0 1.2086551119518325
30800000.0 1.2076799444756916
30820000.0 1.2067060876027744
30840000.0 1.205733538868417
30860000.0 1.20476229581391
30880000.0 1.2037923559864827
30900000.0 1.2028237169392861
30920000.0 1.201856376231374
30940000.0 1.2008903314276864
30960000.0 1.1999255800990318
30980000.0 1.1989621198220708
31000000.0 1.1979999481792971
31020000.0 1.1970390627590224
31040000.0 1.1960794611553582
31060000.0 1.195121140968199
31080000.0 1.1941640998032041
31100000.0 1.193208335271784
31120000.0 1.1922538449910791
31140000.0 1.1913006265839468
31160000.0 1.1903486776789425
31180000.0 1.1893979959103027
31200000.0 1.188448578917931
31220000.0 1.1875004243473781
31240000.0 1.1865535298498278
31260000.0 1.1856078930820793
31280000.0 1.1846635117065307
31300000.0 1.1837203833911645
31320000.0 1.1827785058095284
31340000.0 1.1818378766407216
31360000.0 1.1808984935693765
31380000.0 1.179960354285645
31400000.0 1.1790234564851805
31420000.0 1.1780877978691218
31440000.0 1.1771533761440793
31460000.0 1.1762201890221164
31480000.0 1.1752882342207358
31500000.0 1.174357509462862
31520000.0 1.173428012476827
31540000.0 1.1724997409963536
31560000.0 1.1715726927605403
31580000.0 1.1706468655138458
31600000.0 1.1697222570060728
31620000.0 1.1687988649923537
31640000.0 1.1678766872331336
31660000.0 1.1669557214941566
31680000.0 1.166035965546449
31700000.0 1.1651174171663052
31720000.0 1.164200074135272
31740000.0 1.1632839342401335
31760000.0 1.162368995272896
31780000.0 1.1614552550307722
31800000.0 1.160542711316168
31820000.0 1.159631361936666
31840000.0 1.1587212047050108
31860000.0 1.157812237439095
31880000.0 1.1569044579619432
31900000.0 1.1559978641016986
31920000.0 1.155092453691607
31940000.0 1.1541882245700026
31960000.0 1.1532851745802941
31980000.0 1.1523833015709495
32000000.0 1.1514826033954815
32020000.0 1.1505830779124329
32040000.0 1.1496847229853633
32060000.0 1.1487875364828333
32080000.0 1.1478915162783914
32100000.0 1.1469966602505586
32120000.0 1.1461029662828153
32140000.0 1.1452104322635868
32160000.0 1.1443190560862286
32180000.0 1.143428835649013
32200000.0 1.1425397688551149
32220000.0 1.1416518536125977
32240000.0 1.1407650878343991
32260000.0 1.1398794694383185
32280000.0 1.1389949963470012
32300000.0 1.1381116664879267
32320000.0 1.1372294777933936
32340000.0 1.1363484282005052
32360000.0 1.1354685156511586
32380000.0 1.1345897380920285
32400000.0 1.1337120934745544
32420000.0 1.1328355797549279
32440000.0 1.1319601948940776
32460000.0 1.131085936857658
32480000.0 1.130212803616034
32500000.0 1.1293407931442676
32520000.0 1.1284699034221073
32540000.0 1.127600132433971
32560000.0 1.1267314781689362
32580000.0 1.1258639386207245
32600000.0 1.1249975117876898
32620000.0 1.1241321956728048
32640000.0 1.1232679882836476
32660000.0 1.12240488763239
32680000.0 1.1215428917357826
32700000.0 1.1206819986151442
32720000.0 1.1198222062963465
32740000.0 1.1189635128098037
32760000.0 1.1181059161904576
32780000.0 1.1172494144777672
32800000.0 1.116394005715693
32820000.0 1.115539687952687
32840000.0 1.1146864592416794
32860000.0 1.1138343176400658
32880000.0 1.1129832612096935
32900000.0 1.112133288016852
32920000.0 1.1112843961322576
32940000.0 1.1104365836310424
32960000.0 1.109589848592742
32980000.0 1.1087441891012835
33000000.0 1.1078996032449713
33020000.0 1.1070560891164778
33040000.0 1.1062136448128284
33060000.0 1.1053722684353915
33080000.0 1.1045319580898656
33100000.0 1.1036927118862667
33120000.0 1.102854527938917
33140000.0 1.1020174043664326
33160000.0 1.1011813392917114
33180000.0 1.1003463308419223
33200000.0 1.0995123771484914
33220000.0 1.098679476347092
33240000.0 1.0978476265776318
33260000.0 1.097016825984241
33280000.0 1.0961870727152616
33300000.0 1.095358364923235
33320000.0 1.0945307007648901
33340000.0 1.0937040784011323
33360000.0 1.092878495997032
33380000.0 1.092053951721812
33400000.0 1.0912304437488378
33420000.0 1.0904079702556049
33440000.0 1.0895865294237268
33460000.0 1.0887661194389258
33480000.0 1.0879467384910195
33500000.0 1.0871283847739106
33520000.0 1.0863110564855754
33540000.0 1.0854947518280524
33560000.0 1.0846794690074315
33580000.0 1.0838652062338427
33600000.0 1.0830519617214447
33620000.0 1.0822397336884144
33640000.0 1.0814285203569347
33660000.0 1.0806183199531854
33680000.0 1.07980913070733
33700000.0 1.0790009508535068
33720000.0 1.0781937786298166
33740000.0 1.0773876122783124
33760000.0 1.0765824500449888
33780000.0 1.0757782901797703
33800000.0 1.0749751309365014
33820000.0 1.0741729705729361
33840000.0 1.073371807350726
33860000.0 1.0725716395354106
33880000.0 1.0717724653964065
33900000.0 1.0709742832069968
33920000.0 1.0701770912443207
33940000.0 1.0693808877893622
33960000.0 1.068585671126941
33980000.0 1.0677914395457002
34000000.0 1.066998191338098
34020000.0 1.0662059248003954
34040000.0 1.0654146382326475
34060000.0 1.0646243299386917
34080000.0 1.0638349982261381
34100000.0 1.0630466414063602
34120000.0 1.0622592577944823
34140000.0 1.061472845709372
34160000.0 1.060687403473628
34180000.0 1.059902929413571
34200000.0 1.0591194218592335
34220000.0 1.0583368791443493
34240000.0 1.0575552996063444
34260000.0 1.0567746815863257
34280000.0 1.0559950234290723
34300000.0 1.055216323483025
34320000.0 1.0544385801002758
34340000.0 1.0536617916365594
34360000.0 1.052885956451242
34380000.0 1.0521110729073129
34400000.0 1.0513371393713733
34420000.0 1.0505641542136273
34440000.0 1.0497921158078727
34460000.0 1.04902102253149
34480000.0 1.0482508727654336
34500000.0 1.0474816648942225
34520000.0 1.04671339730593
34540000.0 1.0459460683921744
34560000.0 1.0451796765481096
34580000.0 1.0444142201724156
34600000.0 1.0436496976672889
34620000.0 1.0428861074384328
34640000.0 1.0421234478950487
34660000.0 1.0413617174498262
34680000.0 1.040600914518934
34700000.0 1.0398410375220104
34720000.0 1.039082084882154
34740000.0 1.0383240550259147
34760000.0 1.037566946383284
34780000.0 1.0368107573876866
34800000.0 1.0360554864759703
34820000.0 1.0353011320883976
34840000.0 1.034547692668636
34860000.0 1.03379516666375
34880000.0 1.0330435525241897
34900000.0 1.032292848703785
34920000.0 1.0315430536597339
34940000.0 1.030794165852595
34960000.0 1.030046183746278
34980000.0 1.0292991058080347
35000000.0 1.0285529305084509
35020000.0 1.0278076563214364
35040000.0 1.027063281724217
35060000.0 1.0263198051973255
35080000.0 1.0255772252245925
35100000.0 1.0248355402931388
35120000.0 1.024094748893365
35140000.0 1.0233548495189442
35160000.0 1.0226158406668127
35180000.0 1.021877720837162
35200000.0 1.0211404885334288
35220000.0 1.0204041422622883
35240000.0 1.019668680533644
35260000.0 1.0189341018606195
35280000.0 1.0182004047595516
35300000.0 1.0174675877499795
35320000.0 1.0167356493546378
35340000.0 1.0160045880994477
35360000.0 1.015274402513508
35380000.0 1.0145450911290887
35400000.0 1.0138166524816197
35420000.0 1.0130890851096845
35440000.0 1.0123623875550125
35460000.0 1.0116365583624685
35480000.0 1.0109115960800459
35500000.0 1.0101874992588589
35520000.0 1.0094642664531321
35540000.0 1.0087418962201962
35560000.0 1.0080203871204751
35580000.0 1.0072997377174822
35600000.0 1.0065799465778087
35620000.0 1.005861012271119
35640000.0 1.0051429333701387
35660000.0 1.0044257084506505
35680000.0 1.0037093360914835
35700000.0 1.0029938148745061
35720000.0 1.0022791433846192
35740000.0 1.0015653202097454
35760000.0 1.000852343940825
35780000.0 1.000140213171804
35800000.0 0.9994289264996299
35820000.0 0.9987184825242413
35840000.0 0.9980088798485616
35860000.0 0.9973001170784903
35880000.0 0.9965921928228964
35900000.0 0.995885105693609
35920000.0 0.995178854305411
35940000.0 0.9944734372760314
35960000.0 0.9937688532261363
35980000.0 0.9930651007793231
36000000.0 0.9923621785621111
36020000.0 0.9916600852039354
36040000.0 0.9909588193371389
36060000.0 0.990258379596964
36080000.0 0.9895587646215461
36100000.0 0.9888599730519054
36120000.0 0.9881620035319403
36140000.0 0.9874648547084187
36160000.0 0.9867685252309718
36180000.0 0.9860730137520858
36200000.0 0.985378318927095
36220000.0 0.9846844394141749
36240000.0 0.9839913738743331
36260000.0 0.9832991209714045
36280000.0 0.9826076793720419
36300000.0 0.9819170477457096
36320000.0 0.9812272247646766
36340000.0 0.9805382091040084
36360000.0 0.9798499994415606
36380000.0 0.9791625944579713
36400000.0 0.9784759928366539
36420000.0 0.9777901932637906
36440000.0 0.9771051944283243
36460000.0 0.976420995021952
36480000.0 0.9757375937391183
36500000.0 0.9750549892770076
36520000.0 0.9743731803355368
36540000.0 0.9736921656173496
36560000.0 0.9730119438278079
36580000.0 0.9723325136749863
36600000.0 0.9716538738696643
36620000.0 0.9709760231253189
36640000.0 0.9702989601581198
36660000.0 0.9696226836869196
36680000.0 0.9689471924332498
36700000.0 0.9682724851213114
36720000.0 0.9675985604779699
36740000.0 0.966925417232748
36760000.0 0.9662530541178186
36780000.0 0.965581469867998
36800000.0 0.9649106632207395
36820000.0 0.9642406329161265
36840000.0 0.9635713776968658
36860000.0 0.9629028963082812
36880000.0 0.962235187498306
36900000.0 0.9615682500174777
36920000.0 0.96090208261893
36940000.0 0.9602366840583874
36960000.0 0.9595720530941577
36980000.0 0.9589081884871262
37000000.0 0.9582450890007483
37020000.0 0.957582753401044
37040000.0 0.9569211804565908
37060000.0 0.9562603689385168
37080000.0 0.9556003176204952
37100000.0 0.9549410252787379
37120000.0 0.9542824906919873
37140000.0 0.9536247126415124
37160000.0 0.9529676899111007
37180000.0 0.9523114212870525
37200000.0 0.951655905558174
37220000.0 0.9510011415157723
37240000.0 0.9503471279536474
37260000.0 0.9496938636680871
37280000.0 0.94904134745786
37300000.0 0.9483895781242098
37320000.0 0.9477385544708491
37340000.0 0.9470882753039525
37360000.0 0.9464387394321513
37380000.0 0.9457899456665264
37400000.0 0.9451418928206033
37420000.0 0.9444945797103446
37440000.0 0.9438480051541449
37460000.0 0.9432021679728242
37480000.0 0.9425570669896227
37500000.0 0.9419127010301928
37520000.0 0.9412690689225954
37540000.0 0.940626169497292
37560000.0 0.9399840015871402
37580000.0 0.9393425640273859
37600000.0 0.9387018556556593
37620000.0 0.9380618753119677
37640000.0 0.9374226218386897
37660000.0 0.93678409408057
37680000.0 0.9361462908847117
37700000.0 0.9355092111005733
37720000.0 0.9348728535799599
37740000.0 0.9342372171770194
37760000.0 0.9336023007482355
37780000.0 0.9329681031524223
37800000.0 0.9323346232507189
37820000.0 0.9317018599065824
37840000.0 0.9310698119857835
37860000.0 0.9304384783564004
37880000.0 0.929807857888812
37900000.0 0.9291779494556939
37920000.0 0.9285487519320114
37940000.0 0.9279202641950138
37960000.0 0.9272924851242301
37980000.0 0.9266654136014618
38000000.0 0.9260390485107781
38020000.0 0.92541338873851
38040000.0 0.9247884331732448
38060000.0 0.9241641807058203
38080000.0 0.9235406302293199
38100000.0 0.9229177806390657
38120000.0 0.9222956308326151
38140000.0 0.9216741797097526
38160000.0 0.9210534261724871
38180000.0 0.9204333691250436
38200000.0 0.91981400747386
38220000.0 0.9191953401275812
38240000.0 0.918577365997052
38260000.0 0.9179600839953139
38280000.0 0.9173434930375988
38300000.0 0.9167275920413225
38320000.0 0.9161123799260815
38340000.0 0.9154978556136456
38360000.0 0.9148840180279544
38380000.0 0.9142708660951101
38400000.0 0.9136583987433736
38420000.0 0.9130466149031586
38440000.0 0.9124355135070263
38460000.0 0.9118250934896805
38480000.0 0.9112153537879617
38500000.0 0.9106062933408431
38520000.0 0.9099979110894232
38540000.0 0.9093902059769232
38560000.0 0.9087831769486798
38580000.0 0.9081768229521411
38600000.0 0.9075711429368609
38620000.0 0.9069661358544939
38640000.0 0.9063618006587901
38660000.0 0.9057581363055907
38680000.0 0.9051551417528216
38700000.0 0.9045528159604892
38720000.0 0.9039511578906755
38740000.0 0.9033501665075322
38760000.0 0.9027498407772763
38780000.0 0.9021501796681847
38800000.0 0.90155118215059
38820000.0 0.9009528471968743
38840000.0 0.9003551737814651
38860000.0 0.8997581608808297
38880000.0 0.8991618074734713
38900000.0 0.8985661125399224
38920000.0 0.897971075062741
38940000.0 0.8973766940265063
38960000.0 0.8967829684178118
38980000.0 0.8961898972252628
39000000.0 0.895597479439469
39020000.0 0.8950057140530423
39040000.0 0.8944146000605896
39060000.0 0.8938241364587094
39080000.0 0.8932343222459864
39100000.0 0.8926451564229873
39120000.0 0.892056637992255
39140000.0 0.8914687659583046
39160000.0 0.8908815393276187
39180000.0 0.8902949571086421
39200000.0 0.8897090183117774
39220000.0 0.88912372194938
39240000.0 0.8885390670357544
39260000.0 0.8879550525871476
39280000.0 0.8873716776217462
39300000.0 0.8867889411596711
39320000.0 0.8862068422229729
39340000.0 0.8856253798356265
39360000.0 0.8850445530235277
39380000.0 0.8844643608144883
39400000.0 0.8838848022382304
39420000.0 0.8833058763263834
39440000.0 0.8827275821124783
39460000.0 0.8821499186319433
39480000.0 0.8815728849220997
39500000.0 0.8809964800221576
39520000.0 0.8804207029732096
39540000.0 0.879845552818229
39560000.0 0.8792710286020625
39580000.0 0.8786971293714284
39600000.0 0.8781238541749097
39620000.0 0.8775512020629518
39640000.0 0.876979172087856
39660000.0 0.8764077633037766
39680000.0 0.8758369747667157
39700000.0 0.8752668055345192
39720000.0 0.8746972546668725
39740000.0 0.874128321225295
39760000.0 0.8735600042731374
39780000.0 0.8729923028755762
39800000.0 0.8724252160996095
39820000.0 0.871858743014053
39840000.0 0.8712928826895353
39860000.0 0.8707276341984944
39880000.0 0.8701629966151718
39900000.0 0.86959896901561
39920000.0 0.869035550477647
39940000.0 0.8684727400809126
39960000.0 0.8679105369068238
39980000.0 0.8673489400385815
