-1.0 -1.0
-0.9949874686716792 -0.970112938201938
-0.9899749373433584 -0.9406008693255302
-0.9849624060150376 -0.9114619042376702
-0.9799498746867168 -0.8826941538052517
-0.974937343358396 -0.8542957288951678
-0.9699248120300752 -0.8262647403743119
-0.9649122807017544 -0.7985992991095774
-0.9598997493734336 -0.7712975159678582
-0.9548872180451128 -0.7443575018160474
-0.949874686716792 -0.7177773675210382
-0.9448621553884712 -0.6915552239497241
-0.9398496240601504 -0.6656891819689992
-0.9348370927318296 -0.6401773524457561
-0.9298245614035088 -0.6150178462468884
-0.924812030075188 -0.5902087742392896
-0.9197994987468672 -0.5657482472898536
-0.9147869674185464 -0.5416343762654734
-0.9097744360902256 -0.5178652720330421
-0.9047619047619048 -0.4944390454594535
-0.899749373433584 -0.4713538074116014
-0.8947368421052632 -0.4486076687563786
-0.8897243107769424 -0.4261987403606786
-0.8847117794486216 -0.40412513309139503
-0.8796992481203008 -0.38238495781542153
-0.87468671679198 -0.36097632539965135
-0.8696741854636592 -0.3398973467109775
-0.8646616541353384 -0.31914613261629377
-0.8596491228070176 -0.29872079398249407
-0.8546365914786967 -0.278619441676471
-0.849624060150376 -0.2588401865651182
-0.8446115288220551 -0.23938113951532936
-0.8395989974937343 -0.22024041139399786
-0.8345864661654135 -0.201416113068017
-0.8295739348370927 -0.18290635540428013
-0.8245614035087719 -0.16470924926968078
-0.8195488721804511 -0.14682290553111255
-0.8145363408521303 -0.12924543505546882
-0.8095238095238095 -0.11197494870964253
-0.8045112781954887 -0.09500955736052763
-0.7994987468671679 -0.07834737187501772
-0.7944862155388471 -0.061986503120005754
-0.7894736842105263 -0.045925061962385216
-0.7844611528822055 -0.03016115926904961
-0.7794486215538847 -0.01469290590689265
-0.7744360902255639 0.00048158725719238404
-0.7694235588972431 0.015364209356312775
-0.7644110275689223 0.029956849523574025
-0.7593984962406015 0.044261396892083193
-0.7543859649122807 0.05827974059494667
-0.7493734335839599 0.07201376976527163
-0.7443609022556391 0.0854653735361639
-0.7393483709273183 0.09863644104073033
-0.7343358395989975 0.11152886141207752
-0.7293233082706767 0.1241445237833122
-0.7243107769423559 0.13648531728754054
-0.7192982456140351 0.14855313105786938
-0.7142857142857143 0.16034985422740522
-0.7092731829573935 0.17187737592925467
-0.7042606516290727 0.18313758529652435
-0.6992481203007519 0.19413237146232087
-0.6942355889724311 0.2048636235597504
-0.6892230576441103 0.21533323072192012
-0.6842105263157895 0.22554308208193619
-0.6791979949874687 0.2354950667729051
-0.6741854636591479 0.24519107392793382
-0.6691729323308271 0.25463299268012873
-0.6641604010025063 0.26382271216259634
-0.6591478696741855 0.27276212150844303
-0.6541353383458647 0.28145310985077576
-0.6491228070175439 0.28989756632270136
-0.6441102756892231 0.29809738005732545
-0.6390977443609023 0.3060544401877553
-0.6340852130325815 0.3137706358470972
-0.6290726817042607 0.32124785616845786
-0.6240601503759399 0.3284879902849439
-0.6190476190476191 0.33549292732966196
-0.6140350877192983 0.3422645564357183
-0.6090225563909775 0.34880476673621996
-0.6040100250626567 0.3551154473642729
-0.5989974937343359 0.361198487452984
-0.5939849624060151 0.36705577613546003
-0.5889724310776943 0.3726892025448072
-0.5839598997493735 0.378100655814132
-0.5789473684210527 0.3832920250765417
-0.5739348370927319 0.38826519946514226
-0.568922305764411 0.39302206811304075
-0.5639097744360902 0.39756452015334276
-0.5588972431077694 0.40189444471915586
-0.5538847117794486 0.40601373094358634
-0.5488721804511278 0.40992426795974024
-0.543859649122807 0.41362794490072524
-0.5388471177944862 0.4171266508996468
-0.5338345864661654 0.4204222750896123
-0.5288220551378446 0.4235167066037276
-0.5238095238095238 0.42641183457509974
-0.518796992481203 0.42910954813683533
-0.5137844611528822 0.4316117364220409
-0.5087719298245614 0.4339202885638225
-0.5037593984962406 0.4360370936952873
-0.4987468671679198 0.43796404094954167
-0.493734335839599 0.43970301945969265
-0.4887218045112782 0.4412559183588457
-0.4837092731829574 0.4426246267801085
-0.4786967418546366 0.44381103385658716
-0.4736842105263158 0.444817028721388
-0.468671679197995 0.44564450050761795
-0.4636591478696742 0.44629533834838336
-0.4586466165413534 0.4467714313767913
-0.4536340852130326 0.4470746687259479
-0.4486215538847118 0.44720693952895957
-0.443609022556391 0.44717013291893287
-0.4385964912280702 0.44696613802897517
-0.4335839598997494 0.4465968439921922
-0.4285714285714286 0.44606413994169086
-0.4235588972431078 0.4453699150105776
-0.418546365914787 0.44451605833195923
-0.4135338345864662 0.44350445903894237
-0.4085213032581454 0.4423370062646329
-0.4035087719298246 0.44101558914213823
-0.3984962406015038 0.4395420968045644
-0.393483709273183 0.43791841838501844
-0.3884711779448622 0.43614644301660604
-0.3834586466165414 0.4342280598324347
-0.3784461152882206 0.4321651579656109
-0.3734335839598998 0.42995962654924064
-0.368421052631579 0.427613354716431
-0.3634085213032582 0.4251282316002881
-0.3583959899749374 0.4225061463339191
-0.3533834586466166 0.41974898805043015
-0.3483709273182958 0.41685864588292804
-0.343358395989975 0.41383700896451875
-0.33834586466165417 0.41068596642831007
-0.33333333333333337 0.40740740740740733
-0.32832080200501257 0.40400322103491815
-0.32330827067669177 0.4004752964439477
-0.31829573934837097 0.39682552276760397
-0.31328320802005016 0.3930557891389927
-0.30827067669172936 0.3891679846912208
-0.30325814536340856 0.38516399855739464
-0.29824561403508776 0.38104571987062164
-0.29323308270676696 0.37681503776400715
-0.28822055137844615 0.37247384137065814
-0.28320802005012535 0.36802401982368127
-0.27819548872180455 0.36346746225618326
-0.27318295739348375 0.3588060578012704
-0.26817042606516295 0.3540416955920498
-0.26315789473684215 0.3491762647616269
-0.25814536340852134 0.3442116544431094
-0.25313283208020054 0.3391497537696039
-0.24812030075187974 0.33399245187421595
-0.24310776942355894 0.32874163789005295
-0.23809523809523814 0.32339920095022134
-0.23308270676691734 0.3179670301878276
-0.22807017543859653 0.312447014735978
-0.22305764411027573 0.30684104372777976
-0.21804511278195493 0.30115100629633895
-0.21303258145363413 0.2953787915747626
-0.20802005012531333 0.28952628869615643
-0.20300751879699253 0.28359538679362767
-0.19799498746867172 0.277587975000283
-0.19298245614035092 0.2715059424492289
-0.18796992481203012 0.26535117827357135
-0.18295739348370932 0.2591255716064178
-0.17794486215538852 0.25283101158087407
-0.17293233082706772 0.2464693873300474
-0.1679197994987469 0.2400425879870435
-0.1629072681704261 0.23355250268496971
-0.1578947368421053 0.22700102055693244
-0.1528822055137845 0.2203900307360383
-0.1478696741854637 0.21372142235539346
-0.1428571428571429 0.20699708454810495
-0.1378446115288221 0.20021890644727922
-0.1328320802005013 0.1933887771860229
-0.1278195488721805 0.18650858589744201
-0.1228070175438597 0.17958022171464377
-0.1177944862155389 0.17260557377073443
-0.1127819548872181 0.16558653119882066
-0.10776942355889729 0.1585249831320092
-0.10275689223057649 0.15142281870340626
-0.09774436090225569 0.144281927046119
-0.09273182957393489 0.13710419729325352
-0.08771929824561409 0.12989151857791592
-0.08270676691729328 0.12264578003321375
-0.07769423558897248 0.11536887079225325
-0.07268170426065168 0.10806267998814065
-0.06766917293233088 0.10072909675398292
-0.06265664160401008 0.09337001022288607
-0.057644110275689275 0.08598730952795794
-0.052631578947368474 0.07858288380230366
-0.04761904761904767 0.07115862217903016
-0.04260651629072687 0.06371641379124454
-0.03759398496240607 0.05625814777205307
-0.03258145363408527 0.048785713254562824
-0.027568922305764465 0.0413009993718792
-0.022556390977443663 0.033805895257109614
-0.01754385964912286 0.026302290043360266
-0.01253132832080206 0.018792072863737935
-0.007518796992481258 0.01127713285134957
-0.0025062656641604564 0.003759359139301005
0.0025062656641603454 -0.0037593591393010745
0.007518796992481036 -0.011277132851349153
0.012531328320801949 -0.018792072863737908
0.01754385964912286 -0.02630229004336021
0.022556390977443552 -0.03380589525710914
0.027568922305764243 -0.04130099937187873
0.032581453634085156 -0.048785713254562324
0.03759398496240607 -0.05625814777205346
0.04260651629072676 -0.06371641379124433
0.04761904761904745 -0.07115862217903007
0.05263157894736836 -0.0785828838023036
0.057644110275689275 -0.08598730952795801
0.06265664160400997 -0.09337001022288614
0.06766917293233066 -0.10072909675398292
0.07268170426065157 -0.10806267998814059
0.07769423558897248 -0.11536887079225315
0.08270676691729317 -0.12264578003321341
0.08771929824561386 -0.12989151857791587
0.09273182957393478 -0.13710419729325302
0.09774436090225569 -0.1442819270461188
0.10275689223057638 -0.15142281870340632
0.10776942355889707 -0.1585249831320088
0.11278195488721798 -0.16558653119882075
0.1177944862155389 -0.17260557377073443
0.12280701754385959 -0.17958022171464372
0.12781954887218028 -0.18650858589744174
0.1328320802005012 -0.19338877718602224
0.1378446115288221 -0.20021890644727902
0.1428571428571428 -0.20699708454810464
0.14786967418546348 -0.21372142235539332
0.1528822055137844 -0.22039003073603824
0.1578947368421053 -0.22700102055693236
0.162907268170426 -0.23355250268496985
0.1679197994987467 -0.24004258798704325
0.1729323308270676 -0.24646938733004695
0.17794486215538852 -0.25283101158087407
0.1829573934837092 -0.25912557160641747
0.1879699248120299 -0.26535117827357096
0.1929824561403508 -0.2715059424492284
0.19799498746867172 -0.2775879750002831
0.20300751879699241 -0.2835953867936276
0.2080200501253131 -0.28952628869615604
0.21303258145363402 -0.2953787915747621
0.21804511278195493 -0.30115100629633895
0.22305764411027562 -0.30684104372777987
0.2280701754385963 -0.3124470147359778
0.23308270676691722 -0.31796703018782746
0.23809523809523814 -0.3233992009502214
0.24310776942355883 -0.32874163789005284
0.24812030075187952 -0.33399245187421583
0.25313283208020043 -0.33914975376960377
0.25814536340852134 -0.34421165444310936
0.26315789473684204 -0.3491762647616268
0.2681704260651627 -0.3540416955920491
0.27318295739348364 -0.3588060578012704
0.27819548872180455 -0.36346746225618337
0.28320802005012524 -0.36802401982368144
0.28822055137844593 -0.3724738413706578
0.29323308270676685 -0.37681503776400693
0.29824561403508776 -0.3810457198706217
0.30325814536340845 -0.3851639985573949
0.30827067669172914 -0.38916798469122116
0.31328320802005005 -0.393055789138993
0.31829573934837097 -0.39682552276760374
0.32330827067669166 -0.4004752964439478
0.32832080200501235 -0.4040032210349176
0.33333333333333326 -0.4074074074074075
0.33834586466165417 -0.41068596642831
0.34335839598997486 -0.41383700896451875
0.34837092731829555 -0.41685864588292765
0.35338345864661647 -0.4197489880504304
0.3583959899749374 -0.42250614633391903
0.36340852130325807 -0.42512823160028823
0.36842105263157876 -0.42761335471643097
0.3734335839598997 -0.42995962654924075
0.3784461152882206 -0.4321651579656107
0.3834586466165413 -0.43422805983243506
0.38847117794486197 -0.43614644301660604
0.3934837092731829 -0.4379184183850182
0.3984962406015038 -0.43954209680456446
0.4035087719298245 -0.44101558914213795
0.4085213032581452 -0.4423370062646329
0.4135338345864661 -0.4435044590389422
0.418546365914787 -0.44451605833195934
0.4235588972431077 -0.4453699150105778
0.4285714285714284 -0.4460641399416909
0.4335839598997493 -0.4465968439921921
0.4385964912280702 -0.44696613802897506
0.4436090225563909 -0.44717013291893304
0.4486215538847116 -0.4472069395289594
0.4536340852130325 -0.44707466872594775
0.4586466165413534 -0.44677143137679126
0.4636591478696741 -0.4462953383483834
0.4686716791979948 -0.44564450050761795
0.4736842105263157 -0.4448170287213881
0.4786967418546366 -0.4438110338565869
0.4837092731829573 -0.4426246267801087
0.488721804511278 -0.44125591835884603
0.4937343358395989 -0.4397030194596925
0.4987468671679198 -0.43796404094954183
0.5037593984962405 -0.4360370936952876
0.5087719298245612 -0.43392028856382264
0.5137844611528821 -0.43161173642204087
0.518796992481203 -0.4291095481368354
0.5238095238095237 -0.42641183457509996
0.5288220551378444 -0.42351670660372803
0.5338345864661653 -0.4204222750896125
0.5388471177944862 -0.4171266508996469
0.5438596491228069 -0.41362794490072524
0.5488721804511276 -0.40992426795974074
0.5538847117794485 -0.40601373094358617
0.5588972431077694 -0.40189444471915586
0.5639097744360901 -0.39756452015334276
0.5689223057644108 -0.3930220681130407
0.5739348370927317 -0.3882651994651424
0.5789473684210527 -0.3832920250765417
0.5839598997493733 -0.3781006558141324
0.588972431077694 -0.3726892025448073
0.593984962406015 -0.36705577613546003
0.5989974937343359 -0.36119848745298405
0.6040100250626566 -0.355115447364273
0.6090225563909772 -0.3488047667362201
0.6140350877192982 -0.3422645564357184
0.6190476190476191 -0.335492927329662
0.6240601503759398 -0.328487990284944
0.6290726817042605 -0.32124785616845847
0.6340852130325814 -0.3137706358470973
0.6390977443609023 -0.30605444018775524
0.644110275689223 -0.29809738005732556
0.6491228070175437 -0.2898975663227015
0.6541353383458646 -0.28145310985077593
0.6591478696741855 -0.27276212150844303
0.6641604010025062 -0.2638227121625967
0.6691729323308269 -0.2546329926801291
0.6741854636591478 -0.24519107392793393
0.6791979949874687 -0.23549506677290538
0.6842105263157894 -0.22554308208193632
0.6892230576441101 -0.2153332307219205
0.694235588972431 -0.20486362355975077
0.6992481203007519 -0.19413237146232085
0.7042606516290726 -0.18313758529652463
0.7092731829573933 -0.17187737592925523
0.7142857142857142 -0.1603498542274055
0.7192982456140351 -0.14855313105786935
0.7243107769423558 -0.13648531728754076
0.7293233082706765 -0.12414452378331263
0.7343358395989974 -0.11152886141207773
0.7393483709273183 -0.09863644104073034
0.744360902255639 -0.08546537353616418
0.7493734335839597 -0.07201376976527214
0.7543859649122806 -0.05827974059494718
0.7593984962406015 -0.04426139689208316
0.7644110275689222 -0.029956849523574282
0.7694235588972429 -0.015364209356313373
0.7744360902255638 -0.0004815872571930413
0.7794486215538847 0.01469290590689264
0.7844611528822054 0.030161159269049394
0.7894736842105261 0.045925061962384446
0.794486215538847 0.06198650312000531
0.7994987468671679 0.07834737187501775
0.8045112781954886 0.09500955736052741
0.8095238095238093 0.11197494870964185
0.8145363408521302 0.1292454350554683
0.8195488721804511 0.14682290553111255
0.8245614035087718 0.1647092492696804
0.8295739348370925 0.18290635540427927
0.8345864661654134 0.20141611306801652
0.8395989974937343 0.2202404113939979
0.844611528822055 0.23938113951532894
0.8496240601503757 0.25884018656511737
0.8546365914786966 0.2786194416764705
0.8596491228070176 0.29872079398249407
0.8646616541353382 0.31914613261629354
0.8696741854636589 0.3398973467109766
0.8746867167919798 0.36097632539965074
0.8796992481203008 0.38238495781542153
0.8847117794486214 0.40412513309139475
0.8897243107769421 0.4261987403606776
0.894736842105263 0.448607668756378
0.899749373433584 0.47135380741160127
0.9047619047619047 0.49443904545945305
0.9097744360902253 0.517865272033041
0.9147869674185463 0.5416343762654727
0.9197994987468672 0.5657482472898536
0.9248120300751879 0.5902087742392892
0.9298245614035086 0.6150178462468873
0.9348370927318295 0.6401773524457555
0.9398496240601504 0.6656891819689992
0.9448621553884711 0.6915552239497238
0.9498746867167918 0.7177773675210369
0.9548872180451127 0.7443575018160468
0.9598997493734336 0.7712975159678582
0.9649122807017543 0.7985992991095769
0.969924812030075 0.8262647403743107
0.9749373433583959 0.854295728895167
0.9799498746867168 0.8826941538052517
0.9849624060150375 0.9114619042376696
0.9899749373433582 0.9406008693255289
0.9949874686716791 0.9701129382019372
1.0 1.0
